<?xml version="1.0" encoding="UTF-8"?>
<!-- Generated by org.testng.reporters.JUnitReportReporter -->
<testsuite skipped="0" hostname="LAPTOP-V56M9FQC" name="org.pages.HpSearch" tests="3" failures="0" timestamp="12 Nov 2020 05:45:14 GMT" time="42.515" errors="0">
  <testcase name="browserLaunch" time="14.937" classname="org.pages.HpSearch"/>
  <testcase name="browserLaunch" time="12.804" classname="org.pages.HpSearch"/>
  <testcase name="browserLaunch" time="14.774" classname="org.pages.HpSearch"/>
</testsuite> <!-- org.pages.HpSearch -->
